<?xml version="1.0" encoding="UTF-8"?>
<!-- Generated by org.testng.reporters.JUnitReportReporter -->
<testsuite hostname="DESKTOP-J0D1MKP" failures="0" tests="1" name="com.amazon.test.UserStory1" time="25.267" errors="0" timestamp="13 Dec 2018 05:06:45 GMT" skipped="0">
  <testcase classname="com.amazon.test.UserStory1" name="ShopByCategory_Test" time="25.267"/>
</testsuite> <!-- com.amazon.test.UserStory1 -->
